d:\progr\projects\aipo\2sem\lab2\lab2\debug\vc142.pdb
d:\progr\projects\aipo\2sem\lab2\lab2\debug\vc142.idb
d:\progr\projects\aipo\2sem\lab2\lab2\debug\shrapnel.obj
d:\progr\projects\aipo\2sem\lab2\lab2\debug\shiningshield.obj
d:\progr\projects\aipo\2sem\lab2\lab2\debug\roots.obj
d:\progr\projects\aipo\2sem\lab2\lab2\debug\powerfulshot.obj
d:\progr\projects\aipo\2sem\lab2\lab2\debug\powerfulhit.obj
d:\progr\projects\aipo\2sem\lab2\lab2\debug\occultist.obj
d:\progr\projects\aipo\2sem\lab2\lab2\debug\lasso.obj
d:\progr\projects\aipo\2sem\lab2\lab2\debug\knightfactory.obj
d:\progr\projects\aipo\2sem\lab2\lab2\debug\knight.obj
d:\progr\projects\aipo\2sem\lab2\lab2\debug\iceshard.obj
d:\progr\projects\aipo\2sem\lab2\lab2\debug\hit.obj
d:\progr\projects\aipo\2sem\lab2\lab2\debug\herofactory.obj
d:\progr\projects\aipo\2sem\lab2\lab2\debug\hero.obj
d:\progr\projects\aipo\2sem\lab2\lab2\debug\fireball.obj
d:\progr\projects\aipo\2sem\lab2\lab2\debug\curse.obj
d:\progr\projects\aipo\2sem\lab2\lab2\debug\crusader.obj
d:\progr\projects\aipo\2sem\lab2\lab2\debug\crossbowman.obj
d:\progr\projects\aipo\2sem\lab2\lab2\debug\bountyhunter.obj
d:\progr\projects\aipo\2sem\lab2\lab2\debug\archerfactory.obj
d:\progr\projects\aipo\2sem\lab2\lab2\debug\archer.obj
d:\progr\projects\aipo\2sem\lab2\lab2\debug\main.obj
d:\progr\projects\aipo\2sem\lab2\lab2\debug\wizzardfactory.obj
d:\progr\projects\aipo\2sem\lab2\lab2\debug\wizzard.obj
d:\progr\projects\aipo\2sem\lab2\lab2\debug\summoner.obj
d:\progr\projects\aipo\2sem\lab2\lab2\debug\summon.obj
d:\progr\projects\aipo\2sem\lab2\lab2\debug\sniper.obj
d:\progr\projects\aipo\2sem\lab2\lab2\debug\skillfactory.obj
d:\progr\projects\aipo\2sem\lab2\lab2\debug\skill.obj
d:\progr\projects\aipo\2sem\lab2\debug\lab2.exe
d:\progr\projects\aipo\2sem\lab2\debug\lab2.ilk
d:\progr\projects\aipo\2sem\lab2\debug\lab2.pdb
d:\progr\projects\aipo\2sem\lab2\lab2\debug\lab2.tlog\cl.command.1.tlog
d:\progr\projects\aipo\2sem\lab2\lab2\debug\lab2.tlog\cl.read.1.tlog
d:\progr\projects\aipo\2sem\lab2\lab2\debug\lab2.tlog\cl.write.1.tlog
d:\progr\projects\aipo\2sem\lab2\lab2\debug\lab2.tlog\link.command.1.tlog
d:\progr\projects\aipo\2sem\lab2\lab2\debug\lab2.tlog\link.read.1.tlog
d:\progr\projects\aipo\2sem\lab2\lab2\debug\lab2.tlog\link.write.1.tlog
